[debug] [2023-04-09T10:31:59.775Z] ----------------------------------------------------------------------
[debug] [2023-04-09T10:31:59.776Z] Command:       C:\Program Files\nodejs\node.exe C:\Users\HP\AppData\Roaming\npm\node_modules\firebase-tools\lib\bin\firebase.js init
[debug] [2023-04-09T10:31:59.776Z] CLI Version:   11.16.1
[debug] [2023-04-09T10:31:59.776Z] Platform:      win32
[debug] [2023-04-09T10:31:59.776Z] Node Version:  v18.10.0
[debug] [2023-04-09T10:31:59.777Z] Time:          Sun Apr 09 2023 16:31:59 GMT+0600 (Bangladesh Standard Time)
[debug] [2023-04-09T10:31:59.777Z] ----------------------------------------------------------------------
[debug] 
[debug] [2023-04-09T10:31:59.844Z] > command requires scopes: ["email","openid","https://www.googleapis.com/auth/cloudplatformprojects.readonly","https://www.googleapis.com/auth/firebase","https://www.googleapis.com/auth/cloud-platform"]
[debug] [2023-04-09T10:31:59.845Z] > authorizing via signed-in user (avirup.cloud@gmail.com)
[info] 
     ######## #### ########  ######## ########     ###     ######  ########
     ##        ##  ##     ## ##       ##     ##  ##   ##  ##       ##
     ######    ##  ########  ######   ########  #########  ######  ######
     ##        ##  ##    ##  ##       ##     ## ##     ##       ## ##
     ##       #### ##     ## ######## ########  ##     ##  ######  ########

You're about to initialize a Firebase project in this directory:

  E:\PWA React Project\React-Admin-Dashboard-public

Before we get started, keep in mind:

  * You are initializing within an existing Firebase project directory

[info] 
=== Project Setup
[info] 
[info] First, let's associate this project directory with a Firebase project.
[info] You can create multiple project aliases by running firebase use --add, 
[info] but for now we'll just set up a default project.
[info] 
[debug] [2023-04-09T10:32:05.436Z] Using project from CLI flag: pwa-web-f2p
[debug] [2023-04-09T10:32:05.438Z] >>> [apiv2][query] GET https://firebase.googleapis.com/v1beta1/projects/pwa-web-f2p [none]
[debug] [2023-04-09T10:32:06.373Z] <<< [apiv2][status] GET https://firebase.googleapis.com/v1beta1/projects/pwa-web-f2p 200
[debug] [2023-04-09T10:32:06.374Z] <<< [apiv2][body] GET https://firebase.googleapis.com/v1beta1/projects/pwa-web-f2p {"projectId":"pwa-web-f2p","projectNumber":"444709689458","displayName":"PWA-Web-F2P","name":"projects/pwa-web-f2p","resources":{"hostingSite":"pwa-web-f2p"},"state":"ACTIVE","etag":"1_abd9c5b2-180a-48b2-8b2c-f4d48f100e32"}
[info] i  Using project pwa-web-f2p (PWA-Web-F2P) 
[info] 
=== Hosting Setup
[info] 
[info] Your public directory is the folder (relative to your project directory) that
[info] will contain Hosting assets to be uploaded with firebase deploy. If you
[info] have a build process for your assets, use your build's output directory.
[info] 
